<?xml version="1.0" encoding="UTF-8"?>
<testng-results skipped="0" failed="0" ignored="0" total="1" passed="1">
  <reporter-output>
  </reporter-output>
  <suite name="Default suite" duration-ms="40374" started-at="2021-02-12T14:50:25Z" finished-at="2021-02-12T14:51:05Z">
    <groups>
    </groups>
    <test name="Default test" duration-ms="40374" started-at="2021-02-12T14:50:25Z" finished-at="2021-02-12T14:51:05Z">
      <class name="org.application.TestScenarios.Tableau_TC01">
        <test-method status="PASS" signature="initFrameWork()[pri:0, instance:org.application.TestScenarios.Tableau_TC01@1677d1]" name="initFrameWork" is-config="true" duration-ms="179" started-at="2021-02-12T14:50:25Z" finished-at="2021-02-12T14:50:25Z">
          <reporter-output>
          </reporter-output>
        </test-method> <!-- initFrameWork -->
        <test-method status="PASS" signature="initBrowser(java.lang.String)[pri:0, instance:org.application.TestScenarios.Tableau_TC01@1677d1]" name="initBrowser" is-config="true" duration-ms="8" started-at="2021-02-12T14:50:25Z" finished-at="2021-02-12T14:50:25Z">
          <params>
            <param index="0">
              <value>
                <![CDATA[chrome]]>
              </value>
            </param>
          </params>
          <reporter-output>
          </reporter-output>
        </test-method> <!-- initBrowser -->
        <test-method status="PASS" signature="initApplication(java.lang.String)[pri:0, instance:org.application.TestScenarios.Tableau_TC01@1677d1]" name="initApplication" is-config="true" duration-ms="8356" started-at="2021-02-12T14:50:25Z" finished-at="2021-02-12T14:50:33Z">
          <params>
            <param index="0">
              <value>
                <![CDATA[chrome]]>
              </value>
            </param>
          </params>
          <reporter-output>
          </reporter-output>
        </test-method> <!-- initApplication -->
        <test-method status="PASS" signature="preCondition(java.lang.reflect.Method)[pri:0, instance:org.application.TestScenarios.Tableau_TC01@1677d1]" name="preCondition" is-config="true" duration-ms="17244" started-at="2021-02-12T14:50:33Z" finished-at="2021-02-12T14:50:50Z">
          <params>
            <param index="0">
              <value>
                <![CDATA[public void org.application.TestScenarios.Tableau_TC01.dataAnalyticsAutomation() throws java.lang.InterruptedException]]>
              </value>
            </param>
          </params>
          <reporter-output>
          </reporter-output>
        </test-method> <!-- preCondition -->
        <test-method status="PASS" signature="dataAnalyticsAutomation()[pri:0, instance:org.application.TestScenarios.Tableau_TC01@1677d1]" name="dataAnalyticsAutomation" duration-ms="14716" started-at="2021-02-12T14:50:50Z" finished-at="2021-02-12T14:51:05Z">
          <reporter-output>
          </reporter-output>
        </test-method> <!-- dataAnalyticsAutomation -->
        <test-method status="PASS" signature="postCondition(org.testng.ITestResult)[pri:0, instance:org.application.TestScenarios.Tableau_TC01@1677d1]" name="postCondition" is-config="true" duration-ms="27" started-at="2021-02-12T14:51:05Z" finished-at="2021-02-12T14:51:05Z">
          <params>
            <param index="0">
              <value>
                <![CDATA[[TestResult name=dataAnalyticsAutomation status=SUCCESS method=Tableau_TC01.dataAnalyticsAutomation()[pri:0, instance:org.application.TestScenarios.Tableau_TC01@1677d1] output={null}]]]>
              </value>
            </param>
          </params>
          <reporter-output>
          </reporter-output>
        </test-method> <!-- postCondition -->
        <test-method status="PASS" signature="cleanApplication()[pri:0, instance:org.application.TestScenarios.Tableau_TC01@1677d1]" name="cleanApplication" is-config="true" duration-ms="0" started-at="2021-02-12T14:51:05Z" finished-at="2021-02-12T14:51:05Z">
          <reporter-output>
          </reporter-output>
        </test-method> <!-- cleanApplication -->
        <test-method status="PASS" signature="closeBrowser(java.lang.String)[pri:0, instance:org.application.TestScenarios.Tableau_TC01@1677d1]" name="closeBrowser" is-config="true" duration-ms="1" started-at="2021-02-12T14:51:05Z" finished-at="2021-02-12T14:51:05Z">
          <params>
            <param index="0">
              <value>
                <![CDATA[chrome]]>
              </value>
            </param>
          </params>
          <reporter-output>
          </reporter-output>
        </test-method> <!-- closeBrowser -->
        <test-method status="PASS" signature="closeFrameWork()[pri:0, instance:org.application.TestScenarios.Tableau_TC01@1677d1]" name="closeFrameWork" is-config="true" duration-ms="369" started-at="2021-02-12T14:51:05Z" finished-at="2021-02-12T14:51:06Z">
          <reporter-output>
          </reporter-output>
        </test-method> <!-- closeFrameWork -->
      </class> <!-- org.application.TestScenarios.Tableau_TC01 -->
    </test> <!-- Default test -->
  </suite> <!-- Default suite -->
</testng-results>
