<?xml version="1.0" encoding="UTF-8"?>
<testng-results skipped="0" failed="0" ignored="0" total="1" passed="1">
  <reporter-output>
  </reporter-output>
  <suite name="Default suite" duration-ms="37568" started-at="2021-02-06T10:57:40Z" finished-at="2021-02-06T10:58:18Z">
    <groups>
    </groups>
    <test name="Default test" duration-ms="37568" started-at="2021-02-06T10:57:40Z" finished-at="2021-02-06T10:58:18Z">
      <class name="org.application.TestScenarios.Tableau_TC01">
        <test-method status="PASS" signature="initFrameWork()[pri:0, instance:org.application.TestScenarios.Tableau_TC01@2286778]" name="initFrameWork" is-config="true" duration-ms="203" started-at="2021-02-06T10:57:40Z" finished-at="2021-02-06T10:57:40Z">
          <reporter-output>
          </reporter-output>
        </test-method> <!-- initFrameWork -->
        <test-method status="PASS" signature="initBrowser(java.lang.String)[pri:0, instance:org.application.TestScenarios.Tableau_TC01@2286778]" name="initBrowser" is-config="true" duration-ms="11" started-at="2021-02-06T10:57:40Z" finished-at="2021-02-06T10:57:40Z">
          <params>
            <param index="0">
              <value>
                <![CDATA[chrome]]>
              </value>
            </param>
          </params>
          <reporter-output>
          </reporter-output>
        </test-method> <!-- initBrowser -->
        <test-method status="PASS" signature="initApplication(java.lang.String)[pri:0, instance:org.application.TestScenarios.Tableau_TC01@2286778]" name="initApplication" is-config="true" duration-ms="5563" started-at="2021-02-06T10:57:40Z" finished-at="2021-02-06T10:57:46Z">
          <params>
            <param index="0">
              <value>
                <![CDATA[chrome]]>
              </value>
            </param>
          </params>
          <reporter-output>
          </reporter-output>
        </test-method> <!-- initApplication -->
        <test-method status="PASS" signature="preCondition(java.lang.reflect.Method)[pri:0, instance:org.application.TestScenarios.Tableau_TC01@2286778]" name="preCondition" is-config="true" duration-ms="15254" started-at="2021-02-06T10:57:46Z" finished-at="2021-02-06T10:58:01Z">
          <params>
            <param index="0">
              <value>
                <![CDATA[public void org.application.TestScenarios.Tableau_TC01.dataAnalyticsAutomation() throws java.lang.InterruptedException]]>
              </value>
            </param>
          </params>
          <reporter-output>
          </reporter-output>
        </test-method> <!-- preCondition -->
        <test-method status="PASS" signature="dataAnalyticsAutomation()[pri:0, instance:org.application.TestScenarios.Tableau_TC01@2286778]" name="dataAnalyticsAutomation" duration-ms="16713" started-at="2021-02-06T10:58:01Z" finished-at="2021-02-06T10:58:18Z">
          <reporter-output>
          </reporter-output>
        </test-method> <!-- dataAnalyticsAutomation -->
        <test-method status="PASS" signature="postCondition(org.testng.ITestResult)[pri:0, instance:org.application.TestScenarios.Tableau_TC01@2286778]" name="postCondition" is-config="true" duration-ms="3" started-at="2021-02-06T10:58:18Z" finished-at="2021-02-06T10:58:18Z">
          <params>
            <param index="0">
              <value>
                <![CDATA[[TestResult name=dataAnalyticsAutomation status=SUCCESS method=Tableau_TC01.dataAnalyticsAutomation()[pri:0, instance:org.application.TestScenarios.Tableau_TC01@2286778] output={null}]]]>
              </value>
            </param>
          </params>
          <reporter-output>
          </reporter-output>
        </test-method> <!-- postCondition -->
        <test-method status="PASS" signature="cleanApplication()[pri:0, instance:org.application.TestScenarios.Tableau_TC01@2286778]" name="cleanApplication" is-config="true" duration-ms="0" started-at="2021-02-06T10:58:18Z" finished-at="2021-02-06T10:58:18Z">
          <reporter-output>
          </reporter-output>
        </test-method> <!-- cleanApplication -->
        <test-method status="PASS" signature="closeBrowser(java.lang.String)[pri:0, instance:org.application.TestScenarios.Tableau_TC01@2286778]" name="closeBrowser" is-config="true" duration-ms="0" started-at="2021-02-06T10:58:18Z" finished-at="2021-02-06T10:58:18Z">
          <params>
            <param index="0">
              <value>
                <![CDATA[chrome]]>
              </value>
            </param>
          </params>
          <reporter-output>
          </reporter-output>
        </test-method> <!-- closeBrowser -->
        <test-method status="PASS" signature="closeFrameWork()[pri:0, instance:org.application.TestScenarios.Tableau_TC01@2286778]" name="closeFrameWork" is-config="true" duration-ms="444" started-at="2021-02-06T10:58:18Z" finished-at="2021-02-06T10:58:18Z">
          <reporter-output>
          </reporter-output>
        </test-method> <!-- closeFrameWork -->
      </class> <!-- org.application.TestScenarios.Tableau_TC01 -->
    </test> <!-- Default test -->
  </suite> <!-- Default suite -->
</testng-results>
